timestamp: 2025-05-04T08:25:45.983426
CREATE TABLE "auth_user"(
    "id" INTEGER PRIMARY KEY AUTOINCREMENT,
    "username" CHAR(512) UNIQUE,
    "email" CHAR(512) UNIQUE,
    "password" CHAR(512),
    "first_name" CHAR(512),
    "last_name" CHAR(512),
    "sso_id" CHAR(512),
    "action_token" CHAR(512),
    "last_password_change" TIMESTAMP,
    "past_passwords_hash" TEXT
);
success!
timestamp: 2025-05-04T08:25:46.006584
CREATE TABLE "auth_user_tag_groups"(
    "id" INTEGER PRIMARY KEY AUTOINCREMENT,
    "tagpath" CHAR(512),
    "record_id" INTEGER REFERENCES "auth_user" ("id") ON DELETE CASCADE ON UPDATE CASCADE  
);
success!
timestamp: 2025-05-04T08:25:46.027234
CREATE TABLE "bird"(
    "id" INTEGER PRIMARY KEY AUTOINCREMENT,
    "name" CHAR(512),
    "habitat" CHAR(512),
    "weight" INTEGER,
    "sightings" INTEGER
);
success!
success!
success!
success!
timestamp: 2025-05-17T20:37:32.402254
CREATE TABLE "post_item"(
    "id" INTEGER PRIMARY KEY AUTOINCREMENT,
    "content" CHAR(512),
    "created_on" TIMESTAMP,
    "created_by" INTEGER REFERENCES "auth_user" ("id") ON DELETE CASCADE ON UPDATE CASCADE  ,
    "modified_on" TIMESTAMP,
    "modified_by" INTEGER REFERENCES "auth_user" ("id") ON DELETE CASCADE ON UPDATE CASCADE  ,
    "is_active" CHAR(1)
);
success!
timestamp: 2025-05-17T20:38:05.529626
CREATE TABLE "tag_item"(
    "id" INTEGER PRIMARY KEY AUTOINCREMENT,
    "name" CHAR(512),
    "post_item_id" INTEGER REFERENCES "post_item" ("id") ON DELETE CASCADE ON UPDATE CASCADE  
);
success!
timestamp: 2025-05-22T05:38:18.581481
CREATE TABLE "ingredients"(
    "id" INTEGER PRIMARY KEY AUTOINCREMENT,
    "name" CHAR(512),
    "unit" INTEGER,
    "calories_per_unit" INTEGER,
    "description" CHAR(512)
);
success!
timestamp: 2025-05-22T05:38:18.603529
CREATE TABLE "recipes"(
    "id" INTEGER PRIMARY KEY AUTOINCREMENT,
    "name" CHAR(512),
    "type" CHAR(512),
    "description" CHAR(512),
    "image" CHAR(512),
    "instruction_steps" CHAR(512),
    "servings" INTEGER,
    "author" INTEGER REFERENCES "auth_user" ("id") ON DELETE CASCADE ON UPDATE CASCADE  
);
success!
timestamp: 2025-05-22T05:38:18.629655
CREATE TABLE "link"(
    "id" INTEGER PRIMARY KEY AUTOINCREMENT,
    "recipe_id" INTEGER REFERENCES "recipes" ("id") ON DELETE CASCADE ON UPDATE CASCADE  ,
    "ingredient_id" INTEGER REFERENCES "ingredients" ("id") ON DELETE CASCADE ON UPDATE CASCADE  ,
    "quantity_per_serving" INTEGER
);
success!
DROP TABLE "auth_user";
success!
timestamp: 2025-05-22T05:41:25.802610
CREATE TABLE "auth_user"(
    "id" INTEGER PRIMARY KEY AUTOINCREMENT,
    "username" CHAR(512) UNIQUE,
    "email" CHAR(512) UNIQUE,
    "password" CHAR(512),
    "first_name" CHAR(512),
    "last_name" CHAR(512),
    "sso_id" CHAR(512),
    "action_token" CHAR(512),
    "last_password_change" TIMESTAMP,
    "past_passwords_hash" TEXT
);
success!
DROP TABLE "auth_user";
success!
timestamp: 2025-05-22T05:41:59.941003
CREATE TABLE "auth_user"(
    "id" INTEGER PRIMARY KEY AUTOINCREMENT,
    "username" CHAR(512) UNIQUE,
    "email" CHAR(512) UNIQUE,
    "password" CHAR(512),
    "first_name" CHAR(512),
    "last_name" CHAR(512),
    "sso_id" CHAR(512),
    "action_token" CHAR(512),
    "last_password_change" TIMESTAMP,
    "past_passwords_hash" TEXT
);
success!
success!
DROP TABLE "ingredients";
success!
DROP TABLE "recipes";
timestamp: 2025-06-11T21:05:54.364850
CREATE TABLE "ingredients"(
    "id" INTEGER PRIMARY KEY AUTOINCREMENT,
    "name" CHAR(512),
    "unit" CHAR(512),
    "calories_per_unit" INTEGER,
    "description" CHAR(512)
);
success!
DROP TABLE "ingredients";
success!
DROP TABLE "recipes";
timestamp: 2025-06-11T21:08:00.284952
CREATE TABLE "ingredients"(
    "id" INTEGER PRIMARY KEY AUTOINCREMENT,
    "name" CHAR(512),
    "unit" CHAR(512),
    "calories_per_unit" INTEGER,
    "description" CHAR(512)
);
success!
DROP TABLE "ingredients";
success!
DROP TABLE "recipes";
timestamp: 2025-06-11T21:08:30.515775
CREATE TABLE "ingredients"(
    "id" INTEGER PRIMARY KEY AUTOINCREMENT,
    "name" CHAR(512),
    "unit" CHAR(512),
    "calories_per_unit" INTEGER,
    "description" CHAR(512)
);
success!
DROP TABLE "ingredients";
success!
DROP TABLE "recipes";
timestamp: 2025-06-11T21:15:31.994832
CREATE TABLE "ingredients"(
    "id" INTEGER PRIMARY KEY AUTOINCREMENT,
    "name" CHAR(512),
    "unit" CHAR(512),
    "calories_per_unit" INTEGER,
    "description" CHAR(512)
);
success!
DELETE FROM "link";
DELETE FROM sqlite_sequence WHERE name='link'
success!
DELETE FROM "recipes";
DELETE FROM sqlite_sequence WHERE name='recipes'
success!
DELETE FROM "ingredients";
DELETE FROM sqlite_sequence WHERE name='ingredients'
success!
